#
# There is insufficient memory for the Java Runtime Environment to continue.
# Native memory allocation (mmap) failed to map 65536 bytes for Failed to commit metaspace.
# Possible reasons:
#   The system is out of physical RAM or swap space
#   The process is running with CompressedOops enabled, and the Java Heap may be blocking the growth of the native heap
# Possible solutions:
#   Reduce memory load on the system
#   Increase physical memory or swap space
#   Check if swap backing store is full
#   Decrease Java heap size (-Xmx/-Xms)
#   Decrease number of Java threads
#   Decrease Java thread stack sizes (-Xss)
#   Set larger code cache with -XX:ReservedCodeCacheSize=
#   JVM is running with Unscaled Compressed Oops mode in which the Java heap is
#     placed in the first 4GB address space. The Java Heap base address is the
#     maximum limit for the native heap growth. Please use -XX:HeapBaseMinAddress
#     to set the Java Heap base and to place the Java Heap above 4GB virtual address.
# This output file may be truncated or incomplete.
#
#  Out of Memory Error (virtualSpaceNode.cpp:110), pid=4944, tid=8972
#
# JRE version: Java(TM) SE Runtime Environment (17.0.8+9) (build 17.0.8+9-LTS-211)
# Java VM: Java HotSpot(TM) 64-Bit Server VM (17.0.8+9-LTS-211, mixed mode, sharing, tiered, compressed oops, compressed class ptrs, g1 gc, windows-amd64)
# No core dump will be written. Minidumps are not enabled by default on client versions of Windows
#

---------------  S U M M A R Y ------------

Command Line: -Dfile.encoding=UTF-8 --module-path=C:\Users\ssb\Desktop\xampp\tomcat\Bank management system\build\classes bank.management.system.Login

Host: Intel(R) Core(TM) i5-3470 CPU @ 3.20GHz, 4 cores, 3G,  Windows 10 , 64 bit Build 16299 (10.0.16299.15)
Time: Wed Apr 24 14:01:36 2024 India Standard Time elapsed time: 0.180408 seconds (0d 0h 0m 0s)

---------------  T H R E A D  ---------------

Current thread (0x000001da81dbbcb0):  JavaThread "main" [_thread_in_vm, id=8972, stack(0x00000071d3c00000,0x00000071d3d00000)]

Stack: [0x00000071d3c00000,0x00000071d3d00000]
Native frames: (J=compiled Java code, j=interpreted, Vv=VM code, C=native code)
V  [jvm.dll+0x677d0a]
V  [jvm.dll+0x7d8c54]
V  [jvm.dll+0x7da3fe]
V  [jvm.dll+0x7daa63]
V  [jvm.dll+0x245c5f]
V  [jvm.dll+0x7d4d5b]
V  [jvm.dll+0x61dcf6]
V  [jvm.dll+0x61dd5a]
V  [jvm.dll+0x62057d]
V  [jvm.dll+0x61e6b6]
V  [jvm.dll+0x23b6b1]
V  [jvm.dll+0x1ea657]
V  [jvm.dll+0x1e02f1]
V  [jvm.dll+0x53ddbc]
V  [jvm.dll+0x1f0c0a]
V  [jvm.dll+0x752b7d]
V  [jvm.dll+0x753f76]
V  [jvm.dll+0x7542a8]
V  [jvm.dll+0x23e01b]
V  [jvm.dll+0x37d84e]
C  0x000001da90bab777

Java frames: (J=compiled Java code, j=interpreted, Vv=VM code)
j  javax.swing.UIManager.setLookAndFeel(Ljava/lang/String;)V+9 java.desktop@17.0.8
j  javax.swing.UIManager.initializeDefaultLAF(Ljava/util/Properties;)V+58 java.desktop@17.0.8
j  javax.swing.UIManager.initialize()V+9 java.desktop@17.0.8
j  javax.swing.UIManager.maybeInitialize()V+22 java.desktop@17.0.8
j  javax.swing.UIManager.getUI(Ljavax/swing/JComponent;)Ljavax/swing/plaf/ComponentUI;+0 java.desktop@17.0.8
j  javax.swing.JPanel.updateUI()V+2 java.desktop@17.0.8
j  javax.swing.JPanel.<init>(Ljava/awt/LayoutManager;Z)V+24 java.desktop@17.0.8
j  javax.swing.JPanel.<init>(Z)V+9 java.desktop@17.0.8
j  javax.swing.JPanel.<init>()V+2 java.desktop@17.0.8
j  javax.swing.JRootPane.createGlassPane()Ljava/awt/Component;+4 java.desktop@17.0.8
j  javax.swing.JRootPane.<init>()V+11 java.desktop@17.0.8
j  javax.swing.JFrame.createRootPane()Ljavax/swing/JRootPane;+4 java.desktop@17.0.8
j  javax.swing.JFrame.frameInit()V+16 java.desktop@17.0.8
j  javax.swing.JFrame.<init>()V+20 java.desktop@17.0.8
j  bank.management.system.Login.<init>()V+1
j  bank.management.system.Login.main([Ljava/lang/String;)V+4
v  ~StubRoutines::call_stub

---------------  P R O C E S S  ---------------

Threads class SMR info:
_java_thread_list=0x000001da9d3314f0, length=15, elements={
0x000001da81dbbcb0, 0x000001da9cff2530, 0x000001da9cff34e0, 0x000001da9d002380,
0x000001da9d003c50, 0x000001da9d004600, 0x000001da9d006fc0, 0x000001da9d007d50,
0x000001da9d01e0f0, 0x000001da9d080e60, 0x000001da9d205580, 0x000001da9d26d530,
0x000001da9d469ae0, 0x000001da9d46da80, 0x000001da9d470d60
}

Java Threads: ( => current thread )
=>0x000001da81dbbcb0 JavaThread "main" [_thread_in_vm, id=8972, stack(0x00000071d3c00000,0x00000071d3d00000)]
  0x000001da9cff2530 JavaThread "Reference Handler" daemon [_thread_blocked, id=9404, stack(0x00000071d4300000,0x00000071d4400000)]
  0x000001da9cff34e0 JavaThread "Finalizer" daemon [_thread_blocked, id=8724, stack(0x00000071d4400000,0x00000071d4500000)]
  0x000001da9d002380 JavaThread "Signal Dispatcher" daemon [_thread_blocked, id=9920, stack(0x00000071d4500000,0x00000071d4600000)]
  0x000001da9d003c50 JavaThread "Attach Listener" daemon [_thread_blocked, id=1320, stack(0x00000071d4600000,0x00000071d4700000)]
  0x000001da9d004600 JavaThread "Service Thread" daemon [_thread_blocked, id=1324, stack(0x00000071d4700000,0x00000071d4800000)]
  0x000001da9d006fc0 JavaThread "Monitor Deflation Thread" daemon [_thread_blocked, id=7908, stack(0x00000071d4800000,0x00000071d4900000)]
  0x000001da9d007d50 JavaThread "C2 CompilerThread0" daemon [_thread_blocked, id=8604, stack(0x00000071d4900000,0x00000071d4a00000)]
  0x000001da9d01e0f0 JavaThread "C1 CompilerThread0" daemon [_thread_in_vm, id=4280, stack(0x00000071d4a00000,0x00000071d4b00000)]
  0x000001da9d080e60 JavaThread "Sweeper thread" daemon [_thread_blocked, id=6228, stack(0x00000071d4b00000,0x00000071d4c00000)]
  0x000001da9d205580 JavaThread "Common-Cleaner" daemon [_thread_blocked, id=9944, stack(0x00000071d4c00000,0x00000071d4d00000)]
  0x000001da9d26d530 JavaThread "Notification Thread" daemon [_thread_blocked, id=2848, stack(0x00000071d4d00000,0x00000071d4e00000)]
  0x000001da9d469ae0 JavaThread "Java2D Disposer" daemon [_thread_blocked, id=6000, stack(0x00000071d4f00000,0x00000071d5000000)]
  0x000001da9d46da80 JavaThread "AWT-Shutdown" [_thread_blocked, id=7476, stack(0x00000071d5000000,0x00000071d5100000)]
  0x000001da9d470d60 JavaThread "AWT-Windows" daemon [_thread_in_native, id=8300, stack(0x00000071d5100000,0x00000071d5200000)]

Other Threads:
  0x000001da9cfee170 VMThread "VM Thread" [stack: 0x00000071d4200000,0x00000071d4300000] [id=9956]
  0x000001da9d2bf1e0 WatcherThread [stack: 0x00000071d4e00000,0x00000071d4f00000] [id=1028]
  0x000001da81df7d60 GCTaskThread "GC Thread#0" [stack: 0x00000071d3d00000,0x00000071d3e00000] [id=8804]
  0x000001da81e008e0 ConcurrentGCThread "G1 Main Marker" [stack: 0x00000071d3e00000,0x00000071d3f00000] [id=9584]
  0x000001da81e02300 ConcurrentGCThread "G1 Conc#0" [stack: 0x00000071d3f00000,0x00000071d4000000] [id=10148]
  0x000001da81e81580 ConcurrentGCThread "G1 Refine#0" [stack: 0x00000071d4000000,0x00000071d4100000] [id=10108]
  0x000001da81e81fa0 ConcurrentGCThread "G1 Service" [stack: 0x00000071d4100000,0x00000071d4200000] [id=2824]

Threads with active compile tasks:
C1 CompilerThread0      188  402       3       sun.awt.AppContext::getAppContext (51 bytes)

VM state: not at safepoint (normal execution)

VM Mutex/Monitor currently owned by a thread:  ([mutex/lock_event])
[0x000001da81db63a0] Metaspace_lock - owner thread: 0x000001da81dbbcb0
[0x000001da81db7760] MethodData_lock - owner thread: 0x000001da9d01e0f0

Heap address: 0x00000000c1e00000, size: 994 MB, Compressed Oops mode: 32-bit

CDS archive(s) mapped at: [0x000001da9e000000-0x000001da9ebd0000-0x000001da9ebd0000), size 12386304, SharedBaseAddress: 0x000001da9e000000, ArchiveRelocationMode: 1.
Compressed class space mapped at: 0x000001da9f000000-0x000001dadf000000, reserved size: 1073741824
Narrow klass base: 0x000001da9e000000, Narrow klass shift: 0, Narrow klass range: 0x100000000

GC Precious Log:
 CPUs: 4 total, 4 available
 Memory: 3974M
 Large Page Support: Disabled
 NUMA Support: Disabled
 Compressed Oops: Enabled (32-bit)
 Heap Region Size: 1M
 Heap Min Capacity: 8M
 Heap Initial Capacity: 64M
 Heap Max Capacity: 994M
 Pre-touch: Disabled
 Parallel Workers: 4
 Concurrent Workers: 1
 Concurrent Refinement Workers: 4
 Periodic GC: Disabled

Heap:
 garbage-first heap   total 65536K, used 3072K [0x00000000c1e00000, 0x0000000100000000)
  region size 1024K, 4 young (4096K), 0 survivors (0K)
 Metaspace       used 3326K, committed 3456K, reserved 1114112K
  class space    used 329K, committed 384K, reserved 1048576K

Heap Regions: E=young(eden), S=young(survivor), O=old, HS=humongous(starts), HC=humongous(continues), CS=collection set, F=free, OA=open archive, CA=closed archive, TAMS=top-at-mark-start (previous, next)
|   0|0x00000000c1e00000, 0x00000000c1e00000, 0x00000000c1f00000|  0%| F|  |TAMS 0x00000000c1e00000, 0x00000000c1e00000| Untracked 
|   1|0x00000000c1f00000, 0x00000000c1f00000, 0x00000000c2000000|  0%| F|  |TAMS 0x00000000c1f00000, 0x00000000c1f00000| Untracked 
|   2|0x00000000c2000000, 0x00000000c2000000, 0x00000000c2100000|  0%| F|  |TAMS 0x00000000c2000000, 0x00000000c2000000| Untracked 
|   3|0x00000000c2100000, 0x00000000c2100000, 0x00000000c2200000|  0%| F|  |TAMS 0x00000000c2100000, 0x00000000c2100000| Untracked 
|   4|0x00000000c2200000, 0x00000000c2200000, 0x00000000c2300000|  0%| F|  |TAMS 0x00000000c2200000, 0x00000000c2200000| Untracked 
|   5|0x00000000c2300000, 0x00000000c2300000, 0x00000000c2400000|  0%| F|  |TAMS 0x00000000c2300000, 0x00000000c2300000| Untracked 
|   6|0x00000000c2400000, 0x00000000c2400000, 0x00000000c2500000|  0%| F|  |TAMS 0x00000000c2400000, 0x00000000c2400000| Untracked 
|   7|0x00000000c2500000, 0x00000000c2500000, 0x00000000c2600000|  0%| F|  |TAMS 0x00000000c2500000, 0x00000000c2500000| Untracked 
|   8|0x00000000c2600000, 0x00000000c2600000, 0x00000000c2700000|  0%| F|  |TAMS 0x00000000c2600000, 0x00000000c2600000| Untracked 
|   9|0x00000000c2700000, 0x00000000c2700000, 0x00000000c2800000|  0%| F|  |TAMS 0x00000000c2700000, 0x00000000c2700000| Untracked 
|  10|0x00000000c2800000, 0x00000000c2800000, 0x00000000c2900000|  0%| F|  |TAMS 0x00000000c2800000, 0x00000000c2800000| Untracked 
|  11|0x00000000c2900000, 0x00000000c2900000, 0x00000000c2a00000|  0%| F|  |TAMS 0x00000000c2900000, 0x00000000c2900000| Untracked 
|  12|0x00000000c2a00000, 0x00000000c2a00000, 0x00000000c2b00000|  0%| F|  |TAMS 0x00000000c2a00000, 0x00000000c2a00000| Untracked 
|  13|0x00000000c2b00000, 0x00000000c2b00000, 0x00000000c2c00000|  0%| F|  |TAMS 0x00000000c2b00000, 0x00000000c2b00000| Untracked 
|  14|0x00000000c2c00000, 0x00000000c2c00000, 0x00000000c2d00000|  0%| F|  |TAMS 0x00000000c2c00000, 0x00000000c2c00000| Untracked 
|  15|0x00000000c2d00000, 0x00000000c2d00000, 0x00000000c2e00000|  0%| F|  |TAMS 0x00000000c2d00000, 0x00000000c2d00000| Untracked 
|  16|0x00000000c2e00000, 0x00000000c2e00000, 0x00000000c2f00000|  0%| F|  |TAMS 0x00000000c2e00000, 0x00000000c2e00000| Untracked 
|  17|0x00000000c2f00000, 0x00000000c2f00000, 0x00000000c3000000|  0%| F|  |TAMS 0x00000000c2f00000, 0x00000000c2f00000| Untracked 
|  18|0x00000000c3000000, 0x00000000c3000000, 0x00000000c3100000|  0%| F|  |TAMS 0x00000000c3000000, 0x00000000c3000000| Untracked 
|  19|0x00000000c3100000, 0x00000000c3100000, 0x00000000c3200000|  0%| F|  |TAMS 0x00000000c3100000, 0x00000000c3100000| Untracked 
|  20|0x00000000c3200000, 0x00000000c3200000, 0x00000000c3300000|  0%| F|  |TAMS 0x00000000c3200000, 0x00000000c3200000| Untracked 
|  21|0x00000000c3300000, 0x00000000c3300000, 0x00000000c3400000|  0%| F|  |TAMS 0x00000000c3300000, 0x00000000c3300000| Untracked 
|  22|0x00000000c3400000, 0x00000000c3400000, 0x00000000c3500000|  0%| F|  |TAMS 0x00000000c3400000, 0x00000000c3400000| Untracked 
|  23|0x00000000c3500000, 0x00000000c3500000, 0x00000000c3600000|  0%| F|  |TAMS 0x00000000c3500000, 0x00000000c3500000| Untracked 
|  24|0x00000000c3600000, 0x00000000c3600000, 0x00000000c3700000|  0%| F|  |TAMS 0x00000000c3600000, 0x00000000c3600000| Untracked 
|  25|0x00000000c3700000, 0x00000000c3700000, 0x00000000c3800000|  0%| F|  |TAMS 0x00000000c3700000, 0x00000000c3700000| Untracked 
|  26|0x00000000c3800000, 0x00000000c3800000, 0x00000000c3900000|  0%| F|  |TAMS 0x00000000c3800000, 0x00000000c3800000| Untracked 
|  27|0x00000000c3900000, 0x00000000c3900000, 0x00000000c3a00000|  0%| F|  |TAMS 0x00000000c3900000, 0x00000000c3900000| Untracked 
|  28|0x00000000c3a00000, 0x00000000c3a00000, 0x00000000c3b00000|  0%| F|  |TAMS 0x00000000c3a00000, 0x00000000c3a00000| Untracked 
|  29|0x00000000c3b00000, 0x00000000c3b00000, 0x00000000c3c00000|  0%| F|  |TAMS 0x00000000c3b00000, 0x00000000c3b00000| Untracked 
|  30|0x00000000c3c00000, 0x00000000c3c00000, 0x00000000c3d00000|  0%| F|  |TAMS 0x00000000c3c00000, 0x00000000c3c00000| Untracked 
|  31|0x00000000c3d00000, 0x00000000c3d00000, 0x00000000c3e00000|  0%| F|  |TAMS 0x00000000c3d00000, 0x00000000c3d00000| Untracked 
|  32|0x00000000c3e00000, 0x00000000c3e00000, 0x00000000c3f00000|  0%| F|  |TAMS 0x00000000c3e00000, 0x00000000c3e00000| Untracked 
|  33|0x00000000c3f00000, 0x00000000c3f00000, 0x00000000c4000000|  0%| F|  |TAMS 0x00000000c3f00000, 0x00000000c3f00000| Untracked 
|  34|0x00000000c4000000, 0x00000000c4000000, 0x00000000c4100000|  0%| F|  |TAMS 0x00000000c4000000, 0x00000000c4000000| Untracked 
|  35|0x00000000c4100000, 0x00000000c4100000, 0x00000000c4200000|  0%| F|  |TAMS 0x00000000c4100000, 0x00000000c4100000| Untracked 
|  36|0x00000000c4200000, 0x00000000c4200000, 0x00000000c4300000|  0%| F|  |TAMS 0x00000000c4200000, 0x00000000c4200000| Untracked 
|  37|0x00000000c4300000, 0x00000000c4300000, 0x00000000c4400000|  0%| F|  |TAMS 0x00000000c4300000, 0x00000000c4300000| Untracked 
|  38|0x00000000c4400000, 0x00000000c4400000, 0x00000000c4500000|  0%| F|  |TAMS 0x00000000c4400000, 0x00000000c4400000| Untracked 
|  39|0x00000000c4500000, 0x00000000c4500000, 0x00000000c4600000|  0%| F|  |TAMS 0x00000000c4500000, 0x00000000c4500000| Untracked 
|  40|0x00000000c4600000, 0x00000000c4600000, 0x00000000c4700000|  0%| F|  |TAMS 0x00000000c4600000, 0x00000000c4600000| Untracked 
|  41|0x00000000c4700000, 0x00000000c4700000, 0x00000000c4800000|  0%| F|  |TAMS 0x00000000c4700000, 0x00000000c4700000| Untracked 
|  42|0x00000000c4800000, 0x00000000c4800000, 0x00000000c4900000|  0%| F|  |TAMS 0x00000000c4800000, 0x00000000c4800000| Untracked 
|  43|0x00000000c4900000, 0x00000000c4900000, 0x00000000c4a00000|  0%| F|  |TAMS 0x00000000c4900000, 0x00000000c4900000| Untracked 
|  44|0x00000000c4a00000, 0x00000000c4a00000, 0x00000000c4b00000|  0%| F|  |TAMS 0x00000000c4a00000, 0x00000000c4a00000| Untracked 
|  45|0x00000000c4b00000, 0x00000000c4b00000, 0x00000000c4c00000|  0%| F|  |TAMS 0x00000000c4b00000, 0x00000000c4b00000| Untracked 
|  46|0x00000000c4c00000, 0x00000000c4c00000, 0x00000000c4d00000|  0%| F|  |TAMS 0x00000000c4c00000, 0x00000000c4c00000| Untracked 
|  47|0x00000000c4d00000, 0x00000000c4d00000, 0x00000000c4e00000|  0%| F|  |TAMS 0x00000000c4d00000, 0x00000000c4d00000| Untracked 
|  48|0x00000000c4e00000, 0x00000000c4e00000, 0x00000000c4f00000|  0%| F|  |TAMS 0x00000000c4e00000, 0x00000000c4e00000| Untracked 
|  49|0x00000000c4f00000, 0x00000000c4f00000, 0x00000000c5000000|  0%| F|  |TAMS 0x00000000c4f00000, 0x00000000c4f00000| Untracked 
|  50|0x00000000c5000000, 0x00000000c5000000, 0x00000000c5100000|  0%| F|  |TAMS 0x00000000c5000000, 0x00000000c5000000| Untracked 
|  51|0x00000000c5100000, 0x00000000c5100000, 0x00000000c5200000|  0%| F|  |TAMS 0x00000000c5100000, 0x00000000c5100000| Untracked 
|  52|0x00000000c5200000, 0x00000000c5200000, 0x00000000c5300000|  0%| F|  |TAMS 0x00000000c5200000, 0x00000000c5200000| Untracked 
|  53|0x00000000c5300000, 0x00000000c5300000, 0x00000000c5400000|  0%| F|  |TAMS 0x00000000c5300000, 0x00000000c5300000| Untracked 
|  54|0x00000000c5400000, 0x00000000c5400000, 0x00000000c5500000|  0%| F|  |TAMS 0x00000000c5400000, 0x00000000c5400000| Untracked 
|  55|0x00000000c5500000, 0x00000000c5500000, 0x00000000c5600000|  0%| F|  |TAMS 0x00000000c5500000, 0x00000000c5500000| Untracked 
|  56|0x00000000c5600000, 0x00000000c5600000, 0x00000000c5700000|  0%| F|  |TAMS 0x00000000c5600000, 0x00000000c5600000| Untracked 
|  57|0x00000000c5700000, 0x00000000c5700000, 0x00000000c5800000|  0%| F|  |TAMS 0x00000000c5700000, 0x00000000c5700000| Untracked 
|  58|0x00000000c5800000, 0x00000000c5800000, 0x00000000c5900000|  0%| F|  |TAMS 0x00000000c5800000, 0x00000000c5800000| Untracked 
|  59|0x00000000c5900000, 0x00000000c5900000, 0x00000000c5a00000|  0%| F|  |TAMS 0x00000000c5900000, 0x00000000c5900000| Untracked 
|  60|0x00000000c5a00000, 0x00000000c5a43110, 0x00000000c5b00000| 26%| E|  |TAMS 0x00000000c5a00000, 0x00000000c5a00000| Complete 
|  61|0x00000000c5b00000, 0x00000000c5c00000, 0x00000000c5c00000|100%| E|CS|TAMS 0x00000000c5b00000, 0x00000000c5b00000| Complete 
|  62|0x00000000c5c00000, 0x00000000c5d00000, 0x00000000c5d00000|100%| E|CS|TAMS 0x00000000c5c00000, 0x00000000c5c00000| Complete 
|  63|0x00000000c5d00000, 0x00000000c5e00000, 0x00000000c5e00000|100%| E|CS|TAMS 0x00000000c5d00000, 0x00000000c5d00000| Complete 

Card table byte_map: [0x000001da98860000,0x000001da98a60000] _byte_map_base: 0x000001da98251000

Marking Bits (Prev, Next): (CMBitMap*) 0x000001da81df8370, (CMBitMap*) 0x000001da81df83b0
 Prev Bits: [0x000001da98c60000, 0x000001da99be8000)
 Next Bits: [0x000001da99bf0000, 0x000001da9ab78000)

Polling page: 0x000001da81590000

Metaspace:

Usage:
  Non-class:      2.93 MB used.
      Class:    329.95 KB used.
       Both:      3.25 MB used.

Virtual space:
  Non-class space:       64.00 MB reserved,       3.00 MB (  5%) committed,  1 nodes.
      Class space:        1.00 GB reserved,     384.00 KB ( <1%) committed,  1 nodes.
             Both:        1.06 GB reserved,       3.38 MB ( <1%) committed. 

Chunk freelists:
   Non-Class:  11.92 MB
       Class:  15.58 MB
        Both:  27.51 MB

MaxMetaspaceSize: unlimited
CompressedClassSpaceSize: 1.00 GB
Initial GC threshold: 21.00 MB
Current GC threshold: 21.00 MB
CDS: on
MetaspaceReclaimPolicy: balanced
 - commit_granule_bytes: 65536.
 - commit_granule_words: 8192.
 - virtual_space_node_default_size: 8388608.
 - enlarge_chunks_in_place: 1.
 - new_chunks_are_fully_committed: 0.
 - uncommit_free_chunks: 1.
 - use_allocation_guard: 0.
 - handle_deallocations: 1.


Internal statistics:

num_allocs_failed_limit: 0.
num_arena_births: 74.
num_arena_deaths: 0.
num_vsnodes_births: 2.
num_vsnodes_deaths: 0.
num_space_committed: 54.
num_space_uncommitted: 0.
num_chunks_returned_to_freelist: 0.
num_chunks_taken_from_freelist: 93.
num_chunk_merges: 0.
num_chunk_splits: 55.
num_chunks_enlarged: 20.
num_purges: 0.
num_inconsistent_stats: 0.

CodeHeap 'non-profiled nmethods': size=120000Kb used=125Kb max_used=125Kb free=119874Kb
 bounds [0x000001da91130000, 0x000001da913a0000, 0x000001da98660000]
CodeHeap 'profiled nmethods': size=120000Kb used=525Kb max_used=525Kb free=119474Kb
 bounds [0x000001da89660000, 0x000001da898d0000, 0x000001da90b90000]
CodeHeap 'non-nmethods': size=5760Kb used=1173Kb max_used=1186Kb free=4586Kb
 bounds [0x000001da90b90000, 0x000001da90e00000, 0x000001da91130000]
 total_blobs=871 nmethods=400 adapters=384
 compilation: enabled
              stopped_count=0, restarted_count=0
 full_count=0

Compilation events (20 events):
Event: 0.174 Thread 0x000001da9d01e0f0 nmethod 393 0x000001da896e0c90 code [0x000001da896e0e60, 0x000001da896e1238]
Event: 0.174 Thread 0x000001da9d01e0f0  394       3       java.lang.String::compareTo (63 bytes)
Event: 0.174 Thread 0x000001da9d01e0f0 nmethod 394 0x000001da896e1410 code [0x000001da896e1620, 0x000001da896e1ab8]
Event: 0.174 Thread 0x000001da9d01e0f0  392       3       java.lang.StringLatin1::compareTo (14 bytes)
Event: 0.175 Thread 0x000001da9d01e0f0 nmethod 392 0x000001da896e1c90 code [0x000001da896e1e40, 0x000001da896e1f68]
Event: 0.175 Thread 0x000001da9d01e0f0  395       3       java.util.HashMap$EntryIterator::next (5 bytes)
Event: 0.175 Thread 0x000001da9d01e0f0 nmethod 395 0x000001da896e2090 code [0x000001da896e2240, 0x000001da896e23c8]
Event: 0.175 Thread 0x000001da9d01e0f0  396       1       java.util.concurrent.atomic.AtomicInteger::get (5 bytes)
Event: 0.175 Thread 0x000001da9d01e0f0 nmethod 396 0x000001da9114ef10 code [0x000001da9114f0a0, 0x000001da9114f178]
Event: 0.175 Thread 0x000001da9d01e0f0  397       3       java.util.IdentityHashMap$IdentityHashMapIterator::hasNext (50 bytes)
Event: 0.176 Thread 0x000001da9d01e0f0 nmethod 397 0x000001da896e2490 code [0x000001da896e2640, 0x000001da896e2898]
Event: 0.178 Thread 0x000001da9d01e0f0  398       3       jdk.internal.org.objectweb.asm.ClassReader::readUnsignedShort (26 bytes)
Event: 0.178 Thread 0x000001da9d01e0f0 nmethod 398 0x000001da896e2990 code [0x000001da896e2b20, 0x000001da896e2c98]
Event: 0.178 Thread 0x000001da9d01e0f0  399       3       java.util.Arrays::copyOf (19 bytes)
Event: 0.178 Thread 0x000001da9d01e0f0 nmethod 399 0x000001da896e2d90 code [0x000001da896e2f40, 0x000001da896e3228]
Event: 0.178 Thread 0x000001da9d01e0f0  400       3       java.lang.invoke.MethodHandles$Lookup::lookupClassOrNull (17 bytes)
Event: 0.178 Thread 0x000001da9d01e0f0 nmethod 400 0x000001da896e3390 code [0x000001da896e3520, 0x000001da896e36b8]
Event: 0.179 Thread 0x000001da9d007d50  401       4       java.util.concurrent.ConcurrentHashMap::spread (10 bytes)
Event: 0.179 Thread 0x000001da9d007d50 nmethod 401 0x000001da9114f210 code [0x000001da9114f380, 0x000001da9114f3f8]
Event: 0.179 Thread 0x000001da9d01e0f0  402       3       sun.awt.AppContext::getAppContext (51 bytes)

GC Heap History (0 events):
No events

Deoptimization events (4 events):
Event: 0.176 Thread 0x000001da81dbbcb0 Uncommon trap: trap_request=0xffffff45 fr.pc=0x000001da9113ea78 relative=0x0000000000000898
Event: 0.176 Thread 0x000001da81dbbcb0 Uncommon trap: reason=unstable_if action=reinterpret pc=0x000001da9113ea78 method=java.util.HashMap.putVal(ILjava/lang/Object;Ljava/lang/Object;ZZ)Ljava/lang/Object; @ 81 c2
Event: 0.176 Thread 0x000001da81dbbcb0 DEOPT PACKING pc=0x000001da9113ea78 sp=0x00000071d3cfe1f0
Event: 0.176 Thread 0x000001da81dbbcb0 DEOPT UNPACKING pc=0x000001da90be23a3 sp=0x00000071d3cfe190 mode 2

Classes unloaded (0 events):
No events

Classes redefined (0 events):
No events

Internal exceptions (9 events):
Event: 0.060 Thread 0x000001da81dbbcb0 Exception <a 'sun/nio/fs/WindowsException'{0x00000000c5c2fe18}> (0x00000000c5c2fe18) 
thrown [s\open\src\hotspot\share\prims\jni.cpp, line 516]
Event: 0.060 Thread 0x000001da81dbbcb0 Exception <a 'sun/nio/fs/WindowsException'{0x00000000c5c30360}> (0x00000000c5c30360) 
thrown [s\open\src\hotspot\share\prims\jni.cpp, line 516]
Event: 0.061 Thread 0x000001da81dbbcb0 Exception <a 'sun/nio/fs/WindowsException'{0x00000000c5c32660}> (0x00000000c5c32660) 
thrown [s\open\src\hotspot\share\prims\jni.cpp, line 516]
Event: 0.062 Thread 0x000001da81dbbcb0 Exception <a 'sun/nio/fs/WindowsException'{0x00000000c5c330f8}> (0x00000000c5c330f8) 
thrown [s\open\src\hotspot\share\prims\jni.cpp, line 516]
Event: 0.093 Thread 0x000001da81dbbcb0 Exception <a 'java/lang/ClassNotFoundException'{0x00000000c5cd65c0}: sun/awt/resources/spi/awtProvider> (0x00000000c5cd65c0) 
thrown [s\open\src\hotspot\share\classfile\systemDictionary.cpp, line 256]
Event: 0.112 Thread 0x000001da81dbbcb0 Exception <a 'java/io/FileNotFoundException'{0x00000000c5b29200}> (0x00000000c5b29200) 
thrown [s\open\src\hotspot\share\prims\jni.cpp, line 516]
Event: 0.119 Thread 0x000001da81dbbcb0 Exception <a 'java/io/FileNotFoundException'{0x00000000c5b563e0}> (0x00000000c5b563e0) 
thrown [s\open\src\hotspot\share\prims\jni.cpp, line 516]
Event: 0.151 Thread 0x000001da81dbbcb0 Exception <a 'java/lang/NoSuchMethodError'{0x00000000c5b9a6b8}: 'java.lang.Object java.lang.invoke.DirectMethodHandle$Holder.invokeStaticInit(java.lang.Object)'> (0x00000000c5b9a6b8) 
thrown [s\open\src\hotspot\share\interpreter\linkResolver.cpp, line 759]
Event: 0.177 Thread 0x000001da81dbbcb0 Exception <a 'java/lang/NoSuchMethodError'{0x00000000c5a1bdc0}: 'void java.lang.invoke.DirectMethodHandle$Holder.invokeSpecial(java.lang.Object, java.lang.Object, java.lang.Object)'> (0x00000000c5a1bdc0) 
thrown [s\open\src\hotspot\share\interpreter\linkResolver.cpp, line 759]

VM Operations (2 events):
Event: 0.063 Executing VM operation: HandshakeAllThreads
Event: 0.063 Executing VM operation: HandshakeAllThreads done

Events (20 events):
Event: 0.176 loading class sun/swing/SwingUtilities2 done
Event: 0.176 loading class java/awt/font/FontRenderContext
Event: 0.177 loading class java/awt/font/FontRenderContext done
Event: 0.177 loading class sun/swing/StringUIClientPropertyKey
Event: 0.177 loading class javax/swing/UIClientPropertyKey
Event: 0.177 loading class javax/swing/UIClientPropertyKey done
Event: 0.177 loading class sun/swing/StringUIClientPropertyKey done
Event: 0.177 loading class sun/swing/SwingUtilities2$LSBCacheEntry
Event: 0.177 loading class sun/swing/SwingUtilities2$LSBCacheEntry done
Event: 0.177 loading class javax/swing/UIManager$LAFState
Event: 0.177 loading class javax/swing/UIManager$LAFState done
Event: 0.177 loading class javax/swing/UIDefaults
Event: 0.177 loading class javax/swing/UIDefaults done
Event: 0.177 loading class javax/swing/MultiUIDefaults
Event: 0.177 loading class javax/swing/MultiUIDefaults done
Event: 0.177 loading class sun/swing/SwingAccessor$UIDefaultsAccessor
Event: 0.177 loading class sun/swing/SwingAccessor$UIDefaultsAccessor done
Event: 0.178 loading class javax/swing/UIManager$1
Event: 0.178 loading class javax/swing/UIManager$1 done
Event: 0.179 loading class javax/swing/plaf/metal/MetalLookAndFeel


Dynamic libraries:
0x00007ff70c520000 - 0x00007ff70c530000 	C:\Program Files\Java\jdk-17\bin\java.exe
0x00007ff851fb0000 - 0x00007ff852190000 	C:\Windows\SYSTEM32\ntdll.dll
0x00007ff84fa30000 - 0x00007ff84fade000 	C:\Windows\System32\KERNEL32.DLL
0x00007ff84e990000 - 0x00007ff84ebf6000 	C:\Windows\System32\KERNELBASE.dll
0x00007ff84e450000 - 0x00007ff84e546000 	C:\Windows\System32\ucrtbase.dll
0x00007ff847c10000 - 0x00007ff847c2b000 	C:\Program Files\Java\jdk-17\bin\VCRUNTIME140.dll
0x00007ff848140000 - 0x00007ff848159000 	C:\Program Files\Java\jdk-17\bin\jli.dll
0x00007ff8508d0000 - 0x00007ff850971000 	C:\Windows\System32\ADVAPI32.dll
0x00007ff84fbb0000 - 0x00007ff84fc4d000 	C:\Windows\System32\msvcrt.dll
0x00007ff850980000 - 0x00007ff8509db000 	C:\Windows\System32\sechost.dll
0x00007ff8504a0000 - 0x00007ff8505bf000 	C:\Windows\System32\RPCRT4.dll
0x00007ff84fe30000 - 0x00007ff84ffbf000 	C:\Windows\System32\USER32.dll
0x00007ff84ed10000 - 0x00007ff84ed30000 	C:\Windows\System32\win32u.dll
0x00007ff83e3c0000 - 0x00007ff83e629000 	C:\Windows\WinSxS\amd64_microsoft.windows.common-controls_6595b64144ccf1df_6.0.16299.64_none_cc9304e22215ca8f\COMCTL32.dll
0x00007ff84fe00000 - 0x00007ff84fe28000 	C:\Windows\System32\GDI32.dll
0x00007ff8505c0000 - 0x00007ff8508c8000 	C:\Windows\System32\combase.dll
0x00007ff84e7f0000 - 0x00007ff84e984000 	C:\Windows\System32\gdi32full.dll
0x00007ff84e3b0000 - 0x00007ff84e44b000 	C:\Windows\System32\msvcp_win.dll
0x00007ff84e770000 - 0x00007ff84e7e2000 	C:\Windows\System32\bcryptPrimitives.dll
0x00007ff842ed0000 - 0x00007ff842eda000 	C:\Windows\SYSTEM32\VERSION.dll
0x00007ff84ffc0000 - 0x00007ff84ffed000 	C:\Windows\System32\IMM32.DLL
0x00007ff848340000 - 0x00007ff84834c000 	C:\Program Files\Java\jdk-17\bin\vcruntime140_1.dll
0x00007ff839ef0000 - 0x00007ff839f7e000 	C:\Program Files\Java\jdk-17\bin\msvcp140.dll
0x00007ff82d9e0000 - 0x00007ff82e5be000 	C:\Program Files\Java\jdk-17\bin\server\jvm.dll
0x00007ff84f740000 - 0x00007ff84f748000 	C:\Windows\System32\PSAPI.DLL
0x00007ff84c720000 - 0x00007ff84c743000 	C:\Windows\SYSTEM32\WINMM.dll
0x00007ff84c830000 - 0x00007ff84c839000 	C:\Windows\SYSTEM32\WSOCK32.dll
0x00007ff84fb40000 - 0x00007ff84fbac000 	C:\Windows\System32\WS2_32.dll
0x00007ff84c6f0000 - 0x00007ff84c71a000 	C:\Windows\SYSTEM32\WINMMBASE.dll
0x00007ff84e720000 - 0x00007ff84e76a000 	C:\Windows\System32\cfgmgr32.dll
0x00007ff84e340000 - 0x00007ff84e351000 	C:\Windows\System32\kernel.appcore.dll
0x00007ff8480d0000 - 0x00007ff8480da000 	C:\Program Files\Java\jdk-17\bin\jimage.dll
0x00007ff840fc0000 - 0x00007ff841188000 	C:\Windows\SYSTEM32\DBGHELP.DLL
0x00007ff840e40000 - 0x00007ff840e69000 	C:\Windows\SYSTEM32\dbgcore.DLL
0x00007ff83eb20000 - 0x00007ff83eb45000 	C:\Program Files\Java\jdk-17\bin\java.dll
0x00007ff83cec0000 - 0x00007ff83cf97000 	C:\Program Files\Java\jdk-17\bin\jsvml.dll
0x00007ff850b20000 - 0x00007ff851f57000 	C:\Windows\System32\SHELL32.dll
0x00007ff84f690000 - 0x00007ff84f736000 	C:\Windows\System32\shcore.dll
0x00007ff84ed30000 - 0x00007ff84f477000 	C:\Windows\System32\windows.storage.dll
0x00007ff850ac0000 - 0x00007ff850b11000 	C:\Windows\System32\shlwapi.dll
0x00007ff84e360000 - 0x00007ff84e3ac000 	C:\Windows\System32\powrprof.dll
0x00007ff84e320000 - 0x00007ff84e33b000 	C:\Windows\System32\profapi.dll
0x00007ff847bf0000 - 0x00007ff847c09000 	C:\Program Files\Java\jdk-17\bin\net.dll
0x00007ff849250000 - 0x00007ff84932e000 	C:\Windows\SYSTEM32\WINHTTP.dll
0x00007ff84db30000 - 0x00007ff84db96000 	C:\Windows\system32\mswsock.dll
0x00007ff83cea0000 - 0x00007ff83ceb6000 	C:\Program Files\Java\jdk-17\bin\nio.dll
0x00007ff839f80000 - 0x00007ff83a111000 	C:\Program Files\Java\jdk-17\bin\awt.dll
0x00007ff8509e0000 - 0x00007ff850aa5000 	C:\Windows\System32\OLEAUT32.dll
0x00007ff84c890000 - 0x00007ff84c917000 	C:\Windows\SYSTEM32\apphelp.dll
0x00007ff84cbb0000 - 0x00007ff84cbda000 	C:\Windows\system32\DWMAPI.DLL
0x00007ff84cae0000 - 0x00007ff84cb75000 	C:\Windows\system32\uxtheme.dll
0x00007ff834720000 - 0x00007ff83483e000 	C:\Windows\system32\opengl32.dll
0x00007ff83ce50000 - 0x00007ff83ce7c000 	C:\Windows\SYSTEM32\GLU32.dll
0x00007ff84f480000 - 0x00007ff84f5e7000 	C:\Windows\System32\MSCTF.dll
0x00007ff84f7d0000 - 0x00007ff84f919000 	C:\Windows\System32\ole32.dll

dbghelp: loaded successfully - version: 4.0.5 - missing functions: none
symbol engine: initialized successfully - sym options: 0x614 - pdb path: .;C:\Program Files\Java\jdk-17\bin;C:\Windows\SYSTEM32;C:\Windows\WinSxS\amd64_microsoft.windows.common-controls_6595b64144ccf1df_6.0.16299.64_none_cc9304e22215ca8f;C:\Program Files\Java\jdk-17\bin\server

VM Arguments:
jvm_args: -Dfile.encoding=UTF-8 --module-path=C:\Users\ssb\Desktop\xampp\tomcat\Bank management system\build\classes 
java_command: bank.management.system.Login
java_class_path (initial): C:\Users\ssb\Desktop\xampp\tomcat\Bank management system\build\classes
Launcher Type: SUN_STANDARD

[Global flags]
     intx CICompilerCount                          = 3                                         {product} {ergonomic}
     uint ConcGCThreads                            = 1                                         {product} {ergonomic}
     uint G1ConcRefinementThreads                  = 4                                         {product} {ergonomic}
   size_t G1HeapRegionSize                         = 1048576                                   {product} {ergonomic}
    uintx GCDrainStackTargetSize                   = 64                                        {product} {ergonomic}
   size_t InitialHeapSize                          = 67108864                                  {product} {ergonomic}
   size_t MarkStackSize                            = 4194304                                   {product} {ergonomic}
   size_t MaxHeapSize                              = 1042284544                                {product} {ergonomic}
   size_t MaxNewSize                               = 624951296                                 {product} {ergonomic}
   size_t MinHeapDeltaBytes                        = 1048576                                   {product} {ergonomic}
   size_t MinHeapSize                              = 8388608                                   {product} {ergonomic}
    uintx NonNMethodCodeHeapSize                   = 5832780                                {pd product} {ergonomic}
    uintx NonProfiledCodeHeapSize                  = 122912730                              {pd product} {ergonomic}
    uintx ProfiledCodeHeapSize                     = 122912730                              {pd product} {ergonomic}
    uintx ReservedCodeCacheSize                    = 251658240                              {pd product} {ergonomic}
     bool SegmentedCodeCache                       = true                                      {product} {ergonomic}
   size_t SoftMaxHeapSize                          = 1042284544                             {manageable} {ergonomic}
     bool UseCompressedClassPointers               = true                           {product lp64_product} {ergonomic}
     bool UseCompressedOops                        = true                           {product lp64_product} {ergonomic}
     bool UseG1GC                                  = true                                      {product} {ergonomic}
     bool UseLargePagesIndividualAllocation        = false                                  {pd product} {ergonomic}

Logging:
Log output configuration:
 #0: stdout all=warning uptime,level,tags
 #1: stderr all=off uptime,level,tags

Environment Variables:
JAVA_HOME=C:\Program Files\Java\jdk-17
PATH=C:\Program Files (x86)\Common Files\Oracle\Java\javapath;C:\Program Files\Common Files\Oracle\Java\javapath;C:\Windows\system32;C:\Windows;C:\Windows\System32\Wbem;C:\Windows\System32\WindowsPowerShell\v1.0\;C:\MinGW\bin;C:\Program Files\Java\jdk-17\bin;C:\Users\ssb\AppData\Local\Microsoft\WindowsApps;C:\Users\ssb\AppData\Local\Programs\Microsoft VS Code\bin;C:\MinGW\bin;
USERNAME=ssb
OS=Windows_NT
PROCESSOR_IDENTIFIER=Intel64 Family 6 Model 58 Stepping 9, GenuineIntel



---------------  S Y S T E M  ---------------

OS:
 Windows 10 , 64 bit Build 16299 (10.0.16299.15)
OS uptime: 0 days 15:32 hours

CPU: total 4 (initial active 4) (4 cores per cpu, 1 threads per core) family 6 model 58 stepping 9 microcode 0x20, cx8, cmov, fxsr, mmx, sse, sse2, sse3, ssse3, sse4.1, sse4.2, popcnt, tsc, tscinvbit, avx, aes, erms, clmul, vzeroupper, clflush

Memory: 4k page, system-wide physical 3974M (725M free)
TotalPageFile size 8473M (AvailPageFile size 4M)
current process WorkingSet (physical memory assigned to process): 44M, peak: 44M
current process commit charge ("private bytes"): 140M, peak: 140M

vm_info: Java HotSpot(TM) 64-Bit Server VM (17.0.8+9-LTS-211) for windows-amd64 JRE (17.0.8+9-LTS-211), built on Jun 14 2023 10:34:31 by "mach5one" with MS VC++ 17.1 (VS2022)

END.
