#
# There is insufficient memory for the Java Runtime Environment to continue.
# Native memory allocation (mmap) failed to map 1048576 bytes for G1 virtual space
# Possible reasons:
#   The system is out of physical RAM or swap space
#   The process is running with CompressedOops enabled, and the Java Heap may be blocking the growth of the native heap
# Possible solutions:
#   Reduce memory load on the system
#   Increase physical memory or swap space
#   Check if swap backing store is full
#   Decrease Java heap size (-Xmx/-Xms)
#   Decrease number of Java threads
#   Decrease Java thread stack sizes (-Xss)
#   Set larger code cache with -XX:ReservedCodeCacheSize=
#   JVM is running with Unscaled Compressed Oops mode in which the Java heap is
#     placed in the first 4GB address space. The Java Heap base address is the
#     maximum limit for the native heap growth. Please use -XX:HeapBaseMinAddress
#     to set the Java Heap base and to place the Java Heap above 4GB virtual address.
# This output file may be truncated or incomplete.
#
#  Out of Memory Error (os_windows.cpp:3550), pid=6888, tid=8288
#
# JRE version:  (17.0.8+9) (build )
# Java VM: Java HotSpot(TM) 64-Bit Server VM (17.0.8+9-LTS-211, mixed mode, sharing, tiered, compressed oops, compressed class ptrs, g1 gc, windows-amd64)
# No core dump will be written. Minidumps are not enabled by default on client versions of Windows
#

---------------  S U M M A R Y ------------

Command Line: -Dfile.encoding=UTF-8 --module-path=C:\Users\ssb\Desktop\xampp\tomcat\Bank management system\build\classes bank.management.system.Login

Host: Intel(R) Core(TM) i5-3470 CPU @ 3.20GHz, 4 cores, 3G,  Windows 10 , 64 bit Build 16299 (10.0.16299.15)
Time: Wed Apr 24 14:06:55 2024 India Standard Time elapsed time: 0.019250 seconds (0d 0h 0m 0s)

---------------  T H R E A D  ---------------

Current thread (0x000001a0d2318460):  JavaThread "Unknown thread" [_thread_in_vm, id=8288, stack(0x000000070e300000,0x000000070e400000)]

Stack: [0x000000070e300000,0x000000070e400000]
Native frames: (J=compiled Java code, j=interpreted, Vv=VM code, C=native code)
V  [jvm.dll+0x677d0a]
V  [jvm.dll+0x7d8c54]
V  [jvm.dll+0x7da3fe]
V  [jvm.dll+0x7daa63]
V  [jvm.dll+0x245c5f]
V  [jvm.dll+0x674bb9]
V  [jvm.dll+0x6694f2]
V  [jvm.dll+0x3031d6]
V  [jvm.dll+0x30a756]
V  [jvm.dll+0x359fc8]
V  [jvm.dll+0x35a1cf]
V  [jvm.dll+0x2da3e8]
V  [jvm.dll+0x2db354]
V  [jvm.dll+0x7aa711]
V  [jvm.dll+0x367b51]
V  [jvm.dll+0x789979]
V  [jvm.dll+0x3eb05f]
V  [jvm.dll+0x3ecae1]
C  [jli.dll+0x5297]
C  [ucrtbase.dll+0x1d885]
C  [KERNEL32.DLL+0x11fe4]
C  [ntdll.dll+0x6ef91]


---------------  P R O C E S S  ---------------

Threads class SMR info:
_java_thread_list=0x00007ff82e4959d8, length=0, elements={
}

Java Threads: ( => current thread )

Other Threads:
  0x000001a0d2354c10 GCTaskThread "GC Thread#0" [stack: 0x000000070e400000,0x000000070e500000] [id=4460]
  0x000001a0d235e6b0 ConcurrentGCThread "G1 Main Marker" [stack: 0x000000070e500000,0x000000070e600000] [id=8088]
  0x000001a0d235ffe0 ConcurrentGCThread "G1 Conc#0" [stack: 0x000000070e600000,0x000000070e700000] [id=2416]

[error occurred during error reporting (printing all threads), id 0xc0000005, EXCEPTION_ACCESS_VIOLATION (0xc0000005) at pc=0x00007ff82dccb047]

VM state: not at safepoint (not fully initialized)

VM Mutex/Monitor currently owned by a thread:  ([mutex/lock_event])
[0x000001a0d2315a20] Heap_lock - owner thread: 0x000001a0d2318460

Heap address: 0x00000000c1e00000, size: 994 MB, Compressed Oops mode: 32-bit

CDS archive(s) mapped at: [0x0000000000000000-0x0000000000000000-0x0000000000000000), size 0, SharedBaseAddress: 0x0000000800000000, ArchiveRelocationMode: 1.
Narrow klass base: 0x0000000000000000, Narrow klass shift: 0, Narrow klass range: 0x0

GC Precious Log:
<Empty>

Heap:
 garbage-first heap   total 0K, used 0K [0x00000000c1e00000, 0x0000000100000000)
  region size 1024K, 0 young (0K), 0 survivors (0K)

[error occurred during error reporting (printing heap information), id 0xc0000005, EXCEPTION_ACCESS_VIOLATION (0xc0000005) at pc=0x00007ff82e0b1499]

GC Heap History (0 events):
No events

Deoptimization events (0 events):
No events

Classes unloaded (0 events):
No events

Classes redefined (0 events):
No events

Internal exceptions (0 events):
No events

VM Operations (0 events):
No events

Events (1 events):
Event: 0.014 Loaded shared library C:\Program Files\Java\jdk-17\bin\java.dll


Dynamic libraries:
0x00007ff70c520000 - 0x00007ff70c530000 	C:\Program Files\Java\jdk-17\bin\java.exe
0x00007ff851fb0000 - 0x00007ff852190000 	C:\Windows\SYSTEM32\ntdll.dll
0x00007ff84fa30000 - 0x00007ff84fade000 	C:\Windows\System32\KERNEL32.DLL
0x00007ff84e990000 - 0x00007ff84ebf6000 	C:\Windows\System32\KERNELBASE.dll
0x00007ff84e450000 - 0x00007ff84e546000 	C:\Windows\System32\ucrtbase.dll
0x00007ff848140000 - 0x00007ff848159000 	C:\Program Files\Java\jdk-17\bin\jli.dll
0x00007ff8508d0000 - 0x00007ff850971000 	C:\Windows\System32\ADVAPI32.dll
0x00007ff84fbb0000 - 0x00007ff84fc4d000 	C:\Windows\System32\msvcrt.dll
0x00007ff850980000 - 0x00007ff8509db000 	C:\Windows\System32\sechost.dll
0x00007ff8504a0000 - 0x00007ff8505bf000 	C:\Windows\System32\RPCRT4.dll
0x00007ff84fe30000 - 0x00007ff84ffbf000 	C:\Windows\System32\USER32.dll
0x00007ff84ed10000 - 0x00007ff84ed30000 	C:\Windows\System32\win32u.dll
0x00007ff84fe00000 - 0x00007ff84fe28000 	C:\Windows\System32\GDI32.dll
0x00007ff84e7f0000 - 0x00007ff84e984000 	C:\Windows\System32\gdi32full.dll
0x00007ff84e3b0000 - 0x00007ff84e44b000 	C:\Windows\System32\msvcp_win.dll
0x00007ff847c10000 - 0x00007ff847c2b000 	C:\Program Files\Java\jdk-17\bin\VCRUNTIME140.dll
0x00007ff83e3c0000 - 0x00007ff83e629000 	C:\Windows\WinSxS\amd64_microsoft.windows.common-controls_6595b64144ccf1df_6.0.16299.64_none_cc9304e22215ca8f\COMCTL32.dll
0x00007ff8505c0000 - 0x00007ff8508c8000 	C:\Windows\System32\combase.dll
0x00007ff84e770000 - 0x00007ff84e7e2000 	C:\Windows\System32\bcryptPrimitives.dll
0x00007ff842ed0000 - 0x00007ff842eda000 	C:\Windows\SYSTEM32\VERSION.dll
0x00007ff84ffc0000 - 0x00007ff84ffed000 	C:\Windows\System32\IMM32.DLL
0x00007ff848340000 - 0x00007ff84834c000 	C:\Program Files\Java\jdk-17\bin\vcruntime140_1.dll
0x00007ff839ef0000 - 0x00007ff839f7e000 	C:\Program Files\Java\jdk-17\bin\msvcp140.dll
0x00007ff82d9e0000 - 0x00007ff82e5be000 	C:\Program Files\Java\jdk-17\bin\server\jvm.dll
0x00007ff84f740000 - 0x00007ff84f748000 	C:\Windows\System32\PSAPI.DLL
0x00007ff84c830000 - 0x00007ff84c839000 	C:\Windows\SYSTEM32\WSOCK32.dll
0x00007ff84fb40000 - 0x00007ff84fbac000 	C:\Windows\System32\WS2_32.dll
0x00007ff84c720000 - 0x00007ff84c743000 	C:\Windows\SYSTEM32\WINMM.dll
0x00007ff84c6f0000 - 0x00007ff84c71a000 	C:\Windows\SYSTEM32\WINMMBASE.dll
0x00007ff84e720000 - 0x00007ff84e76a000 	C:\Windows\System32\cfgmgr32.dll
0x00007ff84e340000 - 0x00007ff84e351000 	C:\Windows\System32\kernel.appcore.dll
0x00007ff8480d0000 - 0x00007ff8480da000 	C:\Program Files\Java\jdk-17\bin\jimage.dll
0x00007ff840fc0000 - 0x00007ff841188000 	C:\Windows\SYSTEM32\DBGHELP.DLL
0x00007ff840e40000 - 0x00007ff840e69000 	C:\Windows\SYSTEM32\dbgcore.DLL
0x00007ff83eb20000 - 0x00007ff83eb45000 	C:\Program Files\Java\jdk-17\bin\java.dll

dbghelp: loaded successfully - version: 4.0.5 - missing functions: none
symbol engine: initialized successfully - sym options: 0x614 - pdb path: .;C:\Program Files\Java\jdk-17\bin;C:\Windows\SYSTEM32;C:\Windows\WinSxS\amd64_microsoft.windows.common-controls_6595b64144ccf1df_6.0.16299.64_none_cc9304e22215ca8f;C:\Program Files\Java\jdk-17\bin\server

VM Arguments:
jvm_args: -Dfile.encoding=UTF-8 --module-path=C:\Users\ssb\Desktop\xampp\tomcat\Bank management system\build\classes 
java_command: bank.management.system.Login
java_class_path (initial): C:\Users\ssb\Desktop\xampp\tomcat\Bank management system\build\classes
Launcher Type: SUN_STANDARD

[Global flags]
     intx CICompilerCount                          = 3                                         {product} {ergonomic}
     uint ConcGCThreads                            = 1                                         {product} {ergonomic}
     uint G1ConcRefinementThreads                  = 4                                         {product} {ergonomic}
   size_t G1HeapRegionSize                         = 1048576                                   {product} {ergonomic}
    uintx GCDrainStackTargetSize                   = 64                                        {product} {ergonomic}
   size_t InitialHeapSize                          = 67108864                                  {product} {ergonomic}
   size_t MarkStackSize                            = 4194304                                   {product} {ergonomic}
   size_t MaxHeapSize                              = 1042284544                                {product} {ergonomic}
   size_t MinHeapDeltaBytes                        = 1048576                                   {product} {ergonomic}
   size_t MinHeapSize                              = 8388608                                   {product} {ergonomic}
    uintx NonNMethodCodeHeapSize                   = 5832780                                {pd product} {ergonomic}
    uintx NonProfiledCodeHeapSize                  = 122912730                              {pd product} {ergonomic}
    uintx ProfiledCodeHeapSize                     = 122912730                              {pd product} {ergonomic}
    uintx ReservedCodeCacheSize                    = 251658240                              {pd product} {ergonomic}
     bool SegmentedCodeCache                       = true                                      {product} {ergonomic}
   size_t SoftMaxHeapSize                          = 1042284544                             {manageable} {ergonomic}
     bool UseCompressedClassPointers               = true                           {product lp64_product} {ergonomic}
     bool UseCompressedOops                        = true                           {product lp64_product} {ergonomic}
     bool UseG1GC                                  = true                                      {product} {ergonomic}
     bool UseLargePagesIndividualAllocation        = false                                  {pd product} {ergonomic}

Logging:
Log output configuration:
 #0: stdout all=warning uptime,level,tags
 #1: stderr all=off uptime,level,tags

Environment Variables:
JAVA_HOME=C:\Program Files\Java\jdk-17
PATH=C:\Program Files (x86)\Common Files\Oracle\Java\javapath;C:\Program Files\Common Files\Oracle\Java\javapath;C:\Windows\system32;C:\Windows;C:\Windows\System32\Wbem;C:\Windows\System32\WindowsPowerShell\v1.0\;C:\MinGW\bin;C:\Program Files\Java\jdk-17\bin;C:\Users\ssb\AppData\Local\Microsoft\WindowsApps;C:\Users\ssb\AppData\Local\Programs\Microsoft VS Code\bin;C:\MinGW\bin;
USERNAME=ssb
OS=Windows_NT
PROCESSOR_IDENTIFIER=Intel64 Family 6 Model 58 Stepping 9, GenuineIntel



---------------  S Y S T E M  ---------------

OS:
 Windows 10 , 64 bit Build 16299 (10.0.16299.15)
OS uptime: 0 days 15:38 hours

CPU: total 4 (initial active 4) (4 cores per cpu, 1 threads per core) family 6 model 58 stepping 9 microcode 0x20, cx8, cmov, fxsr, mmx, sse, sse2, sse3, ssse3, sse4.1, sse4.2, popcnt, tsc, tscinvbit, avx, aes, erms, clmul, vzeroupper, clflush

Memory: 4k page, system-wide physical 3974M (790M free)
TotalPageFile size 8473M (AvailPageFile size 5M)
current process WorkingSet (physical memory assigned to process): 10M, peak: 10M
current process commit charge ("private bytes"): 116M, peak: 117M

vm_info: Java HotSpot(TM) 64-Bit Server VM (17.0.8+9-LTS-211) for windows-amd64 JRE (17.0.8+9-LTS-211), built on Jun 14 2023 10:34:31 by "mach5one" with MS VC++ 17.1 (VS2022)

END.
