#
# There is insufficient memory for the Java Runtime Environment to continue.
# Native memory allocation (malloc) failed to allocate 113376 bytes for Chunk::new
# Possible reasons:
#   The system is out of physical RAM or swap space
#   The process is running with CompressedOops enabled, and the Java Heap may be blocking the growth of the native heap
# Possible solutions:
#   Reduce memory load on the system
#   Increase physical memory or swap space
#   Check if swap backing store is full
#   Decrease Java heap size (-Xmx/-Xms)
#   Decrease number of Java threads
#   Decrease Java thread stack sizes (-Xss)
#   Set larger code cache with -XX:ReservedCodeCacheSize=
#   JVM is running with Unscaled Compressed Oops mode in which the Java heap is
#     placed in the first 4GB address space. The Java Heap base address is the
#     maximum limit for the native heap growth. Please use -XX:HeapBaseMinAddress
#     to set the Java Heap base and to place the Java Heap above 4GB virtual address.
# This output file may be truncated or incomplete.
#
#  Out of Memory Error (arena.cpp:189), pid=4000, tid=2616
#
# JRE version: Java(TM) SE Runtime Environment (17.0.8+9) (build 17.0.8+9-LTS-211)
# Java VM: Java HotSpot(TM) 64-Bit Server VM (17.0.8+9-LTS-211, mixed mode, tiered, compressed oops, compressed class ptrs, g1 gc, windows-amd64)
# No core dump will be written. Minidumps are not enabled by default on client versions of Windows
#

---------------  S U M M A R Y ------------

Command Line: -Dfile.encoding=UTF-8 --module-path=C:\Users\ssb\Desktop\xampp\tomcat\Bank management system\build\classes bank.management.system.Login

Host: Intel(R) Core(TM) i5-3470 CPU @ 3.20GHz, 4 cores, 3G,  Windows 10 , 64 bit Build 16299 (10.0.16299.15)
Time: Wed Apr 24 14:01:21 2024 India Standard Time elapsed time: 0.166861 seconds (0d 0h 0m 0s)

---------------  T H R E A D  ---------------

Current thread (0x000001cf001b39b0):  JavaThread "C2 CompilerThread0" daemon [_thread_in_native, id=2616, stack(0x000000c2a9b00000,0x000000c2a9c00000)]


Current CompileTask:
C2:    166  183       4       java.util.HashMap::putVal (300 bytes)

Stack: [0x000000c2a9b00000,0x000000c2a9c00000]
Native frames: (J=compiled Java code, j=interpreted, Vv=VM code, C=native code)
V  [jvm.dll+0x677d0a]
V  [jvm.dll+0x7d8c54]
V  [jvm.dll+0x7da3fe]
V  [jvm.dll+0x7daa63]
V  [jvm.dll+0x245c5f]
V  [jvm.dll+0xaaa6b]
V  [jvm.dll+0xab00c]
V  [jvm.dll+0x2ab5cf]
V  [jvm.dll+0x580435]
V  [jvm.dll+0x220b22]
V  [jvm.dll+0x219720]
V  [jvm.dll+0x217329]
V  [jvm.dll+0x1a3af0]
V  [jvm.dll+0x2270be]
V  [jvm.dll+0x22535b]
V  [jvm.dll+0x78e7bc]
V  [jvm.dll+0x788bba]
V  [jvm.dll+0x676b35]
C  [ucrtbase.dll+0x1d885]
C  [KERNEL32.DLL+0x11fe4]
C  [ntdll.dll+0x6ef91]


---------------  P R O C E S S  ---------------

Threads class SMR info:
_java_thread_list=0x000001cf0045ad20, length=11, elements={
0x000001cf5a298a30, 0x000001cf0018d260, 0x000001cf00190ca0, 0x000001cf001a5980,
0x000001cf001be9b0, 0x000001cf001b01c0, 0x000001cf001b1640, 0x000001cf001b39b0,
0x000001cf001bfb30, 0x000001cf001c5540, 0x000001cf0045d2d0
}

Java Threads: ( => current thread )
  0x000001cf5a298a30 JavaThread "main" [_thread_in_vm, id=3740, stack(0x000000c2a8e00000,0x000000c2a8f00000)]
  0x000001cf0018d260 JavaThread "Reference Handler" daemon [_thread_blocked, id=9772, stack(0x000000c2a9500000,0x000000c2a9600000)]
  0x000001cf00190ca0 JavaThread "Finalizer" daemon [_thread_blocked, id=6056, stack(0x000000c2a9600000,0x000000c2a9700000)]
  0x000001cf001a5980 JavaThread "Signal Dispatcher" daemon [_thread_blocked, id=3836, stack(0x000000c2a9700000,0x000000c2a9800000)]
  0x000001cf001be9b0 JavaThread "Attach Listener" daemon [_thread_blocked, id=9616, stack(0x000000c2a9800000,0x000000c2a9900000)]
  0x000001cf001b01c0 JavaThread "Service Thread" daemon [_thread_blocked, id=5936, stack(0x000000c2a9900000,0x000000c2a9a00000)]
  0x000001cf001b1640 JavaThread "Monitor Deflation Thread" daemon [_thread_blocked, id=3536, stack(0x000000c2a9a00000,0x000000c2a9b00000)]
=>0x000001cf001b39b0 JavaThread "C2 CompilerThread0" daemon [_thread_in_native, id=2616, stack(0x000000c2a9b00000,0x000000c2a9c00000)]
  0x000001cf001bfb30 JavaThread "C1 CompilerThread0" daemon [_thread_blocked, id=5700, stack(0x000000c2a9c00000,0x000000c2a9d00000)]
  0x000001cf001c5540 JavaThread "Sweeper thread" daemon [_thread_blocked, id=9356, stack(0x000000c2a9d00000,0x000000c2a9e00000)]
  0x000001cf0045d2d0 JavaThread "Common-Cleaner" daemon [_thread_blocked, id=6732, stack(0x000000c2a9e00000,0x000000c2a9f00000)]

Other Threads:
  0x000001cf5a3681e0 VMThread "VM Thread" [stack: 0x000000c2a9400000,0x000000c2a9500000] [id=8288]
  0x000001cf5a2d5f70 GCTaskThread "GC Thread#0" [stack: 0x000000c2a8f00000,0x000000c2a9000000] [id=8116]
  0x000001cf5a2deaf0 ConcurrentGCThread "G1 Main Marker" [stack: 0x000000c2a9000000,0x000000c2a9100000] [id=8648]
  0x000001cf5a2e14d0 ConcurrentGCThread "G1 Conc#0" [stack: 0x000000c2a9100000,0x000000c2a9200000] [id=9516]
  0x000001cf5a331d80 ConcurrentGCThread "G1 Refine#0" [stack: 0x000000c2a9200000,0x000000c2a9300000] [id=1268]
  0x000001cf5a3327a0 ConcurrentGCThread "G1 Service" [stack: 0x000000c2a9300000,0x000000c2a9400000] [id=8088]

Threads with active compile tasks:
C2 CompilerThread0      192  183       4       java.util.HashMap::putVal (300 bytes)

VM state: not at safepoint (normal execution)

VM Mutex/Monitor currently owned by a thread:  ([mutex/lock_event])
[0x000001cf5a292980] Metaspace_lock - owner thread: 0x000001cf5a298a30

Heap address: 0x00000000c1e00000, size: 994 MB, Compressed Oops mode: 32-bit

CDS archive(s) not mapped
Compressed class space mapped at: 0x0000000100000000-0x0000000140000000, reserved size: 1073741824
Narrow klass base: 0x0000000000000000, Narrow klass shift: 3, Narrow klass range: 0x140000000

GC Precious Log:
 CPUs: 4 total, 4 available
 Memory: 3974M
 Large Page Support: Disabled
 NUMA Support: Disabled
 Compressed Oops: Enabled (32-bit)
 Heap Region Size: 1M
 Heap Min Capacity: 8M
 Heap Initial Capacity: 64M
 Heap Max Capacity: 994M
 Pre-touch: Disabled
 Parallel Workers: 4
 Concurrent Workers: 1
 Concurrent Refinement Workers: 4
 Periodic GC: Disabled

Heap:
 garbage-first heap   total 65536K, used 1024K [0x00000000c1e00000, 0x0000000100000000)
  region size 1024K, 2 young (2048K), 0 survivors (0K)
 Metaspace       used 5666K, committed 5760K, reserved 1114112K
  class space    used 481K, committed 512K, reserved 1048576K

Heap Regions: E=young(eden), S=young(survivor), O=old, HS=humongous(starts), HC=humongous(continues), CS=collection set, F=free, OA=open archive, CA=closed archive, TAMS=top-at-mark-start (previous, next)
|   0|0x00000000c1e00000, 0x00000000c1e00000, 0x00000000c1f00000|  0%| F|  |TAMS 0x00000000c1e00000, 0x00000000c1e00000| Untracked 
|   1|0x00000000c1f00000, 0x00000000c1f00000, 0x00000000c2000000|  0%| F|  |TAMS 0x00000000c1f00000, 0x00000000c1f00000| Untracked 
|   2|0x00000000c2000000, 0x00000000c2000000, 0x00000000c2100000|  0%| F|  |TAMS 0x00000000c2000000, 0x00000000c2000000| Untracked 
|   3|0x00000000c2100000, 0x00000000c2100000, 0x00000000c2200000|  0%| F|  |TAMS 0x00000000c2100000, 0x00000000c2100000| Untracked 
|   4|0x00000000c2200000, 0x00000000c2200000, 0x00000000c2300000|  0%| F|  |TAMS 0x00000000c2200000, 0x00000000c2200000| Untracked 
|   5|0x00000000c2300000, 0x00000000c2300000, 0x00000000c2400000|  0%| F|  |TAMS 0x00000000c2300000, 0x00000000c2300000| Untracked 
|   6|0x00000000c2400000, 0x00000000c2400000, 0x00000000c2500000|  0%| F|  |TAMS 0x00000000c2400000, 0x00000000c2400000| Untracked 
|   7|0x00000000c2500000, 0x00000000c2500000, 0x00000000c2600000|  0%| F|  |TAMS 0x00000000c2500000, 0x00000000c2500000| Untracked 
|   8|0x00000000c2600000, 0x00000000c2600000, 0x00000000c2700000|  0%| F|  |TAMS 0x00000000c2600000, 0x00000000c2600000| Untracked 
|   9|0x00000000c2700000, 0x00000000c2700000, 0x00000000c2800000|  0%| F|  |TAMS 0x00000000c2700000, 0x00000000c2700000| Untracked 
|  10|0x00000000c2800000, 0x00000000c2800000, 0x00000000c2900000|  0%| F|  |TAMS 0x00000000c2800000, 0x00000000c2800000| Untracked 
|  11|0x00000000c2900000, 0x00000000c2900000, 0x00000000c2a00000|  0%| F|  |TAMS 0x00000000c2900000, 0x00000000c2900000| Untracked 
|  12|0x00000000c2a00000, 0x00000000c2a00000, 0x00000000c2b00000|  0%| F|  |TAMS 0x00000000c2a00000, 0x00000000c2a00000| Untracked 
|  13|0x00000000c2b00000, 0x00000000c2b00000, 0x00000000c2c00000|  0%| F|  |TAMS 0x00000000c2b00000, 0x00000000c2b00000| Untracked 
|  14|0x00000000c2c00000, 0x00000000c2c00000, 0x00000000c2d00000|  0%| F|  |TAMS 0x00000000c2c00000, 0x00000000c2c00000| Untracked 
|  15|0x00000000c2d00000, 0x00000000c2d00000, 0x00000000c2e00000|  0%| F|  |TAMS 0x00000000c2d00000, 0x00000000c2d00000| Untracked 
|  16|0x00000000c2e00000, 0x00000000c2e00000, 0x00000000c2f00000|  0%| F|  |TAMS 0x00000000c2e00000, 0x00000000c2e00000| Untracked 
|  17|0x00000000c2f00000, 0x00000000c2f00000, 0x00000000c3000000|  0%| F|  |TAMS 0x00000000c2f00000, 0x00000000c2f00000| Untracked 
|  18|0x00000000c3000000, 0x00000000c3000000, 0x00000000c3100000|  0%| F|  |TAMS 0x00000000c3000000, 0x00000000c3000000| Untracked 
|  19|0x00000000c3100000, 0x00000000c3100000, 0x00000000c3200000|  0%| F|  |TAMS 0x00000000c3100000, 0x00000000c3100000| Untracked 
|  20|0x00000000c3200000, 0x00000000c3200000, 0x00000000c3300000|  0%| F|  |TAMS 0x00000000c3200000, 0x00000000c3200000| Untracked 
|  21|0x00000000c3300000, 0x00000000c3300000, 0x00000000c3400000|  0%| F|  |TAMS 0x00000000c3300000, 0x00000000c3300000| Untracked 
|  22|0x00000000c3400000, 0x00000000c3400000, 0x00000000c3500000|  0%| F|  |TAMS 0x00000000c3400000, 0x00000000c3400000| Untracked 
|  23|0x00000000c3500000, 0x00000000c3500000, 0x00000000c3600000|  0%| F|  |TAMS 0x00000000c3500000, 0x00000000c3500000| Untracked 
|  24|0x00000000c3600000, 0x00000000c3600000, 0x00000000c3700000|  0%| F|  |TAMS 0x00000000c3600000, 0x00000000c3600000| Untracked 
|  25|0x00000000c3700000, 0x00000000c3700000, 0x00000000c3800000|  0%| F|  |TAMS 0x00000000c3700000, 0x00000000c3700000| Untracked 
|  26|0x00000000c3800000, 0x00000000c3800000, 0x00000000c3900000|  0%| F|  |TAMS 0x00000000c3800000, 0x00000000c3800000| Untracked 
|  27|0x00000000c3900000, 0x00000000c3900000, 0x00000000c3a00000|  0%| F|  |TAMS 0x00000000c3900000, 0x00000000c3900000| Untracked 
|  28|0x00000000c3a00000, 0x00000000c3a00000, 0x00000000c3b00000|  0%| F|  |TAMS 0x00000000c3a00000, 0x00000000c3a00000| Untracked 
|  29|0x00000000c3b00000, 0x00000000c3b00000, 0x00000000c3c00000|  0%| F|  |TAMS 0x00000000c3b00000, 0x00000000c3b00000| Untracked 
|  30|0x00000000c3c00000, 0x00000000c3c00000, 0x00000000c3d00000|  0%| F|  |TAMS 0x00000000c3c00000, 0x00000000c3c00000| Untracked 
|  31|0x00000000c3d00000, 0x00000000c3d00000, 0x00000000c3e00000|  0%| F|  |TAMS 0x00000000c3d00000, 0x00000000c3d00000| Untracked 
|  32|0x00000000c3e00000, 0x00000000c3e00000, 0x00000000c3f00000|  0%| F|  |TAMS 0x00000000c3e00000, 0x00000000c3e00000| Untracked 
|  33|0x00000000c3f00000, 0x00000000c3f00000, 0x00000000c4000000|  0%| F|  |TAMS 0x00000000c3f00000, 0x00000000c3f00000| Untracked 
|  34|0x00000000c4000000, 0x00000000c4000000, 0x00000000c4100000|  0%| F|  |TAMS 0x00000000c4000000, 0x00000000c4000000| Untracked 
|  35|0x00000000c4100000, 0x00000000c4100000, 0x00000000c4200000|  0%| F|  |TAMS 0x00000000c4100000, 0x00000000c4100000| Untracked 
|  36|0x00000000c4200000, 0x00000000c4200000, 0x00000000c4300000|  0%| F|  |TAMS 0x00000000c4200000, 0x00000000c4200000| Untracked 
|  37|0x00000000c4300000, 0x00000000c4300000, 0x00000000c4400000|  0%| F|  |TAMS 0x00000000c4300000, 0x00000000c4300000| Untracked 
|  38|0x00000000c4400000, 0x00000000c4400000, 0x00000000c4500000|  0%| F|  |TAMS 0x00000000c4400000, 0x00000000c4400000| Untracked 
|  39|0x00000000c4500000, 0x00000000c4500000, 0x00000000c4600000|  0%| F|  |TAMS 0x00000000c4500000, 0x00000000c4500000| Untracked 
|  40|0x00000000c4600000, 0x00000000c4600000, 0x00000000c4700000|  0%| F|  |TAMS 0x00000000c4600000, 0x00000000c4600000| Untracked 
|  41|0x00000000c4700000, 0x00000000c4700000, 0x00000000c4800000|  0%| F|  |TAMS 0x00000000c4700000, 0x00000000c4700000| Untracked 
|  42|0x00000000c4800000, 0x00000000c4800000, 0x00000000c4900000|  0%| F|  |TAMS 0x00000000c4800000, 0x00000000c4800000| Untracked 
|  43|0x00000000c4900000, 0x00000000c4900000, 0x00000000c4a00000|  0%| F|  |TAMS 0x00000000c4900000, 0x00000000c4900000| Untracked 
|  44|0x00000000c4a00000, 0x00000000c4a00000, 0x00000000c4b00000|  0%| F|  |TAMS 0x00000000c4a00000, 0x00000000c4a00000| Untracked 
|  45|0x00000000c4b00000, 0x00000000c4b00000, 0x00000000c4c00000|  0%| F|  |TAMS 0x00000000c4b00000, 0x00000000c4b00000| Untracked 
|  46|0x00000000c4c00000, 0x00000000c4c00000, 0x00000000c4d00000|  0%| F|  |TAMS 0x00000000c4c00000, 0x00000000c4c00000| Untracked 
|  47|0x00000000c4d00000, 0x00000000c4d00000, 0x00000000c4e00000|  0%| F|  |TAMS 0x00000000c4d00000, 0x00000000c4d00000| Untracked 
|  48|0x00000000c4e00000, 0x00000000c4e00000, 0x00000000c4f00000|  0%| F|  |TAMS 0x00000000c4e00000, 0x00000000c4e00000| Untracked 
|  49|0x00000000c4f00000, 0x00000000c4f00000, 0x00000000c5000000|  0%| F|  |TAMS 0x00000000c4f00000, 0x00000000c4f00000| Untracked 
|  50|0x00000000c5000000, 0x00000000c5000000, 0x00000000c5100000|  0%| F|  |TAMS 0x00000000c5000000, 0x00000000c5000000| Untracked 
|  51|0x00000000c5100000, 0x00000000c5100000, 0x00000000c5200000|  0%| F|  |TAMS 0x00000000c5100000, 0x00000000c5100000| Untracked 
|  52|0x00000000c5200000, 0x00000000c5200000, 0x00000000c5300000|  0%| F|  |TAMS 0x00000000c5200000, 0x00000000c5200000| Untracked 
|  53|0x00000000c5300000, 0x00000000c5300000, 0x00000000c5400000|  0%| F|  |TAMS 0x00000000c5300000, 0x00000000c5300000| Untracked 
|  54|0x00000000c5400000, 0x00000000c5400000, 0x00000000c5500000|  0%| F|  |TAMS 0x00000000c5400000, 0x00000000c5400000| Untracked 
|  55|0x00000000c5500000, 0x00000000c5500000, 0x00000000c5600000|  0%| F|  |TAMS 0x00000000c5500000, 0x00000000c5500000| Untracked 
|  56|0x00000000c5600000, 0x00000000c5600000, 0x00000000c5700000|  0%| F|  |TAMS 0x00000000c5600000, 0x00000000c5600000| Untracked 
|  57|0x00000000c5700000, 0x00000000c5700000, 0x00000000c5800000|  0%| F|  |TAMS 0x00000000c5700000, 0x00000000c5700000| Untracked 
|  58|0x00000000c5800000, 0x00000000c5800000, 0x00000000c5900000|  0%| F|  |TAMS 0x00000000c5800000, 0x00000000c5800000| Untracked 
|  59|0x00000000c5900000, 0x00000000c5900000, 0x00000000c5a00000|  0%| F|  |TAMS 0x00000000c5900000, 0x00000000c5900000| Untracked 
|  60|0x00000000c5a00000, 0x00000000c5a00000, 0x00000000c5b00000|  0%| F|  |TAMS 0x00000000c5a00000, 0x00000000c5a00000| Untracked 
|  61|0x00000000c5b00000, 0x00000000c5b00000, 0x00000000c5c00000|  0%| F|  |TAMS 0x00000000c5b00000, 0x00000000c5b00000| Untracked 
|  62|0x00000000c5c00000, 0x00000000c5d00000, 0x00000000c5d00000|100%| E|  |TAMS 0x00000000c5c00000, 0x00000000c5c00000| Complete 
|  63|0x00000000c5d00000, 0x00000000c5e00000, 0x00000000c5e00000|100%| E|CS|TAMS 0x00000000c5d00000, 0x00000000c5d00000| Complete 

Card table byte_map: [0x000001cf70b40000,0x000001cf70d40000] _byte_map_base: 0x000001cf70531000

Marking Bits (Prev, Next): (CMBitMap*) 0x000001cf5a2d6580, (CMBitMap*) 0x000001cf5a2d65c0
 Prev Bits: [0x000001cf70f40000, 0x000001cf71ec8000)
 Next Bits: [0x000001cf71ed0000, 0x000001cf72e58000)

Polling page: 0x000001cf58030000

Metaspace:

Usage:
  Non-class:      5.06 MB used.
      Class:    481.55 KB used.
       Both:      5.53 MB used.

Virtual space:
  Non-class space:       64.00 MB reserved,       5.13 MB (  8%) committed,  1 nodes.
      Class space:        1.00 GB reserved,     512.00 KB ( <1%) committed,  1 nodes.
             Both:        1.06 GB reserved,       5.63 MB ( <1%) committed. 

Chunk freelists:
   Non-Class:  10.50 MB
       Class:  15.51 MB
        Both:  26.01 MB

MaxMetaspaceSize: unlimited
CompressedClassSpaceSize: 1.00 GB
Initial GC threshold: 21.00 MB
Current GC threshold: 21.00 MB
CDS: off
MetaspaceReclaimPolicy: balanced
 - commit_granule_bytes: 65536.
 - commit_granule_words: 8192.
 - virtual_space_node_default_size: 8388608.
 - enlarge_chunks_in_place: 1.
 - new_chunks_are_fully_committed: 0.
 - uncommit_free_chunks: 1.
 - use_allocation_guard: 0.
 - handle_deallocations: 1.


Internal statistics:

num_allocs_failed_limit: 0.
num_arena_births: 4.
num_arena_deaths: 0.
num_vsnodes_births: 2.
num_vsnodes_deaths: 0.
num_space_committed: 90.
num_space_uncommitted: 0.
num_chunks_returned_to_freelist: 0.
num_chunks_taken_from_freelist: 11.
num_chunk_merges: 0.
num_chunk_splits: 4.
num_chunks_enlarged: 1.
num_purges: 0.
num_inconsistent_stats: 0.

CodeHeap 'non-profiled nmethods': size=120000Kb used=57Kb max_used=57Kb free=119942Kb
 bounds [0x000001cf69610000, 0x000001cf69880000, 0x000001cf70b40000]
CodeHeap 'profiled nmethods': size=120000Kb used=201Kb max_used=201Kb free=119798Kb
 bounds [0x000001cf61b40000, 0x000001cf61db0000, 0x000001cf69070000]
CodeHeap 'non-nmethods': size=5760Kb used=1087Kb max_used=1101Kb free=4672Kb
 bounds [0x000001cf69070000, 0x000001cf692e0000, 0x000001cf69610000]
 total_blobs=547 nmethods=189 adapters=271
 compilation: enabled
              stopped_count=0, restarted_count=0
 full_count=0

Compilation events (20 events):
Event: 0.164 Thread 0x000001cf001bfb30  182       3       java.util.ImmutableCollections$Set12$1::<init> (32 bytes)
Event: 0.164 Thread 0x000001cf001bfb30 nmethod 182 0x000001cf61b70c10 code [0x000001cf61b70dc0, 0x000001cf61b70ff8]
Event: 0.164 Thread 0x000001cf001bfb30  177       3       java.util.Optional::ofNullable (19 bytes)
Event: 0.164 Thread 0x000001cf001bfb30 nmethod 177 0x000001cf61b71110 code [0x000001cf61b712c0, 0x000001cf61b71578]
Event: 0.164 Thread 0x000001cf001bfb30  180       1       java.lang.module.ModuleDescriptor$Version::toString (5 bytes)
Event: 0.164 Thread 0x000001cf001bfb30 nmethod 180 0x000001cf6961d790 code [0x000001cf6961d920, 0x000001cf6961d9f8]
Event: 0.164 Thread 0x000001cf001bfb30  184       3       java.lang.Math::max (11 bytes)
Event: 0.164 Thread 0x000001cf001bfb30 nmethod 184 0x000001cf61b71690 code [0x000001cf61b71820, 0x000001cf61b71958]
Event: 0.165 Thread 0x000001cf001bfb30  187       3       java.lang.module.ResolvedModule::name (11 bytes)
Event: 0.165 Thread 0x000001cf001bfb30 nmethod 187 0x000001cf61b71a10 code [0x000001cf61b71ba0, 0x000001cf61b71cf8]
Event: 0.165 Thread 0x000001cf001bfb30  188       3       java.util.HashSet::<init> (16 bytes)
Event: 0.165 Thread 0x000001cf001bfb30 nmethod 188 0x000001cf61b71e10 code [0x000001cf61b71fe0, 0x000001cf61b723f8]
Event: 0.165 Thread 0x000001cf001bfb30  185       1       java.lang.module.ResolvedModule::configuration (5 bytes)
Event: 0.165 Thread 0x000001cf001bfb30 nmethod 185 0x000001cf6961da90 code [0x000001cf6961dc20, 0x000001cf6961dcf8]
Event: 0.165 Thread 0x000001cf001bfb30  186       1       java.lang.module.ModuleDescriptor::isOpen (5 bytes)
Event: 0.165 Thread 0x000001cf001bfb30 nmethod 186 0x000001cf6961dd90 code [0x000001cf6961df20, 0x000001cf6961dff8]
Event: 0.165 Thread 0x000001cf001bfb30  189       1       java.util.HashMap::size (5 bytes)
Event: 0.165 Thread 0x000001cf001bfb30 nmethod 189 0x000001cf6961e090 code [0x000001cf6961e220, 0x000001cf6961e2f8]
Event: 0.165 Thread 0x000001cf001bfb30  190       1       java.lang.module.ModuleDescriptor$Provides::service (5 bytes)
Event: 0.166 Thread 0x000001cf001bfb30 nmethod 190 0x000001cf6961e390 code [0x000001cf6961e520, 0x000001cf6961e5f8]

GC Heap History (0 events):
No events

Deoptimization events (0 events):
No events

Classes unloaded (0 events):
No events

Classes redefined (0 events):
No events

Internal exceptions (4 events):
Event: 0.149 Thread 0x000001cf5a298a30 Exception <a 'sun/nio/fs/WindowsException'{0x00000000c5c4a098}> (0x00000000c5c4a098) 
thrown [s\open\src\hotspot\share\prims\jni.cpp, line 516]
Event: 0.149 Thread 0x000001cf5a298a30 Exception <a 'sun/nio/fs/WindowsException'{0x00000000c5c4a5e0}> (0x00000000c5c4a5e0) 
thrown [s\open\src\hotspot\share\prims\jni.cpp, line 516]
Event: 0.151 Thread 0x000001cf5a298a30 Exception <a 'sun/nio/fs/WindowsException'{0x00000000c5c4c8e0}> (0x00000000c5c4c8e0) 
thrown [s\open\src\hotspot\share\prims\jni.cpp, line 516]
Event: 0.151 Thread 0x000001cf5a298a30 Exception <a 'sun/nio/fs/WindowsException'{0x00000000c5c4d378}> (0x00000000c5c4d378) 
thrown [s\open\src\hotspot\share\prims\jni.cpp, line 516]

VM Operations (2 events):
Event: 0.154 Executing VM operation: HandshakeAllThreads
Event: 0.154 Executing VM operation: HandshakeAllThreads done

Events (20 events):
Event: 0.152 loading class java/lang/ModuleLayer
Event: 0.152 loading class java/lang/ModuleLayer done
Event: 0.153 loading class java/util/LinkedHashSet
Event: 0.153 loading class java/util/LinkedHashSet done
Event: 0.153 loading class java/util/LinkedHashMap
Event: 0.154 loading class java/util/LinkedHashMap done
Event: 0.155 loading class java/lang/module/ResolvedModule
Event: 0.155 loading class java/lang/module/ResolvedModule done
Event: 0.161 loading class jdk/internal/module/ModuleLoaderMap
Event: 0.161 loading class jdk/internal/module/ModuleLoaderMap done
Event: 0.161 loading class jdk/internal/module/ModuleLoaderMap$Mapper
Event: 0.161 loading class jdk/internal/module/ModuleLoaderMap$Mapper done
Event: 0.161 loading class jdk/internal/module/ModuleLoaderMap$Modules
Event: 0.161 loading class jdk/internal/module/ModuleLoaderMap$Modules done
Event: 0.165 loading class jdk/internal/loader/AbstractClassLoaderValue$Memoizer
Event: 0.165 loading class jdk/internal/loader/AbstractClassLoaderValue$Memoizer done
Event: 0.165 loading class jdk/internal/module/ServicesCatalog$ServiceProvider
Event: 0.165 loading class jdk/internal/module/ServicesCatalog$ServiceProvider done
Event: 0.165 loading class java/util/concurrent/CopyOnWriteArrayList
Event: 0.165 loading class java/util/concurrent/CopyOnWriteArrayList done


Dynamic libraries:
0x00007ff70c520000 - 0x00007ff70c530000 	C:\Program Files\Java\jdk-17\bin\java.exe
0x00007ff851fb0000 - 0x00007ff852190000 	C:\Windows\SYSTEM32\ntdll.dll
0x00007ff84fa30000 - 0x00007ff84fade000 	C:\Windows\System32\KERNEL32.DLL
0x00007ff84e990000 - 0x00007ff84ebf6000 	C:\Windows\System32\KERNELBASE.dll
0x00007ff84e450000 - 0x00007ff84e546000 	C:\Windows\System32\ucrtbase.dll
0x00007ff848140000 - 0x00007ff848159000 	C:\Program Files\Java\jdk-17\bin\jli.dll
0x00007ff847c10000 - 0x00007ff847c2b000 	C:\Program Files\Java\jdk-17\bin\VCRUNTIME140.dll
0x00007ff8508d0000 - 0x00007ff850971000 	C:\Windows\System32\ADVAPI32.dll
0x00007ff84fbb0000 - 0x00007ff84fc4d000 	C:\Windows\System32\msvcrt.dll
0x00007ff850980000 - 0x00007ff8509db000 	C:\Windows\System32\sechost.dll
0x00007ff8504a0000 - 0x00007ff8505bf000 	C:\Windows\System32\RPCRT4.dll
0x00007ff84fe30000 - 0x00007ff84ffbf000 	C:\Windows\System32\USER32.dll
0x00007ff84ed10000 - 0x00007ff84ed30000 	C:\Windows\System32\win32u.dll
0x00007ff84fe00000 - 0x00007ff84fe28000 	C:\Windows\System32\GDI32.dll
0x00007ff84e7f0000 - 0x00007ff84e984000 	C:\Windows\System32\gdi32full.dll
0x00007ff83e3c0000 - 0x00007ff83e629000 	C:\Windows\WinSxS\amd64_microsoft.windows.common-controls_6595b64144ccf1df_6.0.16299.64_none_cc9304e22215ca8f\COMCTL32.dll
0x00007ff84e3b0000 - 0x00007ff84e44b000 	C:\Windows\System32\msvcp_win.dll
0x00007ff8505c0000 - 0x00007ff8508c8000 	C:\Windows\System32\combase.dll
0x00007ff84e770000 - 0x00007ff84e7e2000 	C:\Windows\System32\bcryptPrimitives.dll
0x00007ff842ed0000 - 0x00007ff842eda000 	C:\Windows\SYSTEM32\VERSION.dll
0x00007ff84ffc0000 - 0x00007ff84ffed000 	C:\Windows\System32\IMM32.DLL
0x00007ff848340000 - 0x00007ff84834c000 	C:\Program Files\Java\jdk-17\bin\vcruntime140_1.dll
0x00007ff839ef0000 - 0x00007ff839f7e000 	C:\Program Files\Java\jdk-17\bin\msvcp140.dll
0x00007ff82d9e0000 - 0x00007ff82e5be000 	C:\Program Files\Java\jdk-17\bin\server\jvm.dll
0x00007ff84f740000 - 0x00007ff84f748000 	C:\Windows\System32\PSAPI.DLL
0x00007ff84c830000 - 0x00007ff84c839000 	C:\Windows\SYSTEM32\WSOCK32.dll
0x00007ff84c720000 - 0x00007ff84c743000 	C:\Windows\SYSTEM32\WINMM.dll
0x00007ff84fb40000 - 0x00007ff84fbac000 	C:\Windows\System32\WS2_32.dll
0x00007ff84c6f0000 - 0x00007ff84c71a000 	C:\Windows\SYSTEM32\winmmbase.dll
0x00007ff84e720000 - 0x00007ff84e76a000 	C:\Windows\System32\cfgmgr32.dll
0x00007ff84e340000 - 0x00007ff84e351000 	C:\Windows\System32\kernel.appcore.dll
0x00007ff8480d0000 - 0x00007ff8480da000 	C:\Program Files\Java\jdk-17\bin\jimage.dll
0x00007ff840fc0000 - 0x00007ff841188000 	C:\Windows\SYSTEM32\DBGHELP.DLL
0x00007ff840e40000 - 0x00007ff840e69000 	C:\Windows\SYSTEM32\dbgcore.DLL
0x00007ff83eb20000 - 0x00007ff83eb45000 	C:\Program Files\Java\jdk-17\bin\java.dll
0x00007ff83cec0000 - 0x00007ff83cf97000 	C:\Program Files\Java\jdk-17\bin\jsvml.dll
0x00007ff850b20000 - 0x00007ff851f57000 	C:\Windows\System32\SHELL32.dll
0x00007ff84f690000 - 0x00007ff84f736000 	C:\Windows\System32\shcore.dll
0x00007ff84ed30000 - 0x00007ff84f477000 	C:\Windows\System32\windows.storage.dll
0x00007ff850ac0000 - 0x00007ff850b11000 	C:\Windows\System32\shlwapi.dll
0x00007ff84e360000 - 0x00007ff84e3ac000 	C:\Windows\System32\powrprof.dll
0x00007ff84e320000 - 0x00007ff84e33b000 	C:\Windows\System32\profapi.dll
0x00007ff847bf0000 - 0x00007ff847c09000 	C:\Program Files\Java\jdk-17\bin\net.dll
0x00007ff849250000 - 0x00007ff84932e000 	C:\Windows\SYSTEM32\WINHTTP.dll
0x00007ff84db30000 - 0x00007ff84db96000 	C:\Windows\system32\mswsock.dll
0x00007ff83cea0000 - 0x00007ff83ceb6000 	C:\Program Files\Java\jdk-17\bin\nio.dll

dbghelp: loaded successfully - version: 4.0.5 - missing functions: none
symbol engine: initialized successfully - sym options: 0x614 - pdb path: .;C:\Program Files\Java\jdk-17\bin;C:\Windows\SYSTEM32;C:\Windows\WinSxS\amd64_microsoft.windows.common-controls_6595b64144ccf1df_6.0.16299.64_none_cc9304e22215ca8f;C:\Program Files\Java\jdk-17\bin\server

VM Arguments:
jvm_args: -Dfile.encoding=UTF-8 --module-path=C:\Users\ssb\Desktop\xampp\tomcat\Bank management system\build\classes 
java_command: bank.management.system.Login
java_class_path (initial): C:\Users\ssb\Desktop\xampp\tomcat\Bank management system\build\classes
Launcher Type: SUN_STANDARD

[Global flags]
     intx CICompilerCount                          = 3                                         {product} {ergonomic}
     uint ConcGCThreads                            = 1                                         {product} {ergonomic}
     uint G1ConcRefinementThreads                  = 4                                         {product} {ergonomic}
   size_t G1HeapRegionSize                         = 1048576                                   {product} {ergonomic}
    uintx GCDrainStackTargetSize                   = 64                                        {product} {ergonomic}
   size_t InitialHeapSize                          = 67108864                                  {product} {ergonomic}
   size_t MarkStackSize                            = 4194304                                   {product} {ergonomic}
   size_t MaxHeapSize                              = 1042284544                                {product} {ergonomic}
   size_t MaxNewSize                               = 624951296                                 {product} {ergonomic}
   size_t MinHeapDeltaBytes                        = 1048576                                   {product} {ergonomic}
   size_t MinHeapSize                              = 8388608                                   {product} {ergonomic}
    uintx NonNMethodCodeHeapSize                   = 5832780                                {pd product} {ergonomic}
    uintx NonProfiledCodeHeapSize                  = 122912730                              {pd product} {ergonomic}
    uintx ProfiledCodeHeapSize                     = 122912730                              {pd product} {ergonomic}
    uintx ReservedCodeCacheSize                    = 251658240                              {pd product} {ergonomic}
     bool SegmentedCodeCache                       = true                                      {product} {ergonomic}
   size_t SoftMaxHeapSize                          = 1042284544                             {manageable} {ergonomic}
     bool UseCompressedClassPointers               = true                           {product lp64_product} {ergonomic}
     bool UseCompressedOops                        = true                           {product lp64_product} {ergonomic}
     bool UseG1GC                                  = true                                      {product} {ergonomic}
     bool UseLargePagesIndividualAllocation        = false                                  {pd product} {ergonomic}

Logging:
Log output configuration:
 #0: stdout all=warning uptime,level,tags
 #1: stderr all=off uptime,level,tags

Environment Variables:
JAVA_HOME=C:\Program Files\Java\jdk-17
PATH=C:\Program Files (x86)\Common Files\Oracle\Java\javapath;C:\Program Files\Common Files\Oracle\Java\javapath;C:\Windows\system32;C:\Windows;C:\Windows\System32\Wbem;C:\Windows\System32\WindowsPowerShell\v1.0\;C:\MinGW\bin;C:\Program Files\Java\jdk-17\bin;C:\Users\ssb\AppData\Local\Microsoft\WindowsApps;C:\Users\ssb\AppData\Local\Programs\Microsoft VS Code\bin;C:\MinGW\bin;
USERNAME=ssb
OS=Windows_NT
PROCESSOR_IDENTIFIER=Intel64 Family 6 Model 58 Stepping 9, GenuineIntel



---------------  S Y S T E M  ---------------

OS:
 Windows 10 , 64 bit Build 16299 (10.0.16299.15)
OS uptime: 0 days 15:32 hours

CPU: total 4 (initial active 4) (4 cores per cpu, 1 threads per core) family 6 model 58 stepping 9 microcode 0x20, cx8, cmov, fxsr, mmx, sse, sse2, sse3, ssse3, sse4.1, sse4.2, popcnt, tsc, tscinvbit, avx, aes, erms, clmul, vzeroupper, clflush

Memory: 4k page, system-wide physical 3974M (727M free)
TotalPageFile size 8473M (AvailPageFile size 5M)
current process WorkingSet (physical memory assigned to process): 29M, peak: 29M
current process commit charge ("private bytes"): 129M, peak: 130M

vm_info: Java HotSpot(TM) 64-Bit Server VM (17.0.8+9-LTS-211) for windows-amd64 JRE (17.0.8+9-LTS-211), built on Jun 14 2023 10:34:31 by "mach5one" with MS VC++ 17.1 (VS2022)

END.
